2023-03-05T14:02:31.208019Z  INFO telemetry: job_telemetry_init artifact_type=installed branch=origin/20cc1ff807d99bb39f76d05f114b2795a2f0e1a7 ci_number=20230224.1 ci_name=CommonRuntime-prod-build build_time=2023-02-24 10:33:27.792481
2023-03-05T14:02:31.208197Z  INFO metrics-capability::do_main: metrics_capability: metrics cap config cap_config=MetricsCapConfig { polling_interval_sec: 15, send_to_history_interval_sec: 60, enabled_resource_metrics: ["CpuUtilizationPercentage", "GpuUtilizationPercentage", "GpuEnergyJoules", "GpuMemoryUtilizationPercentage", "GpuMemoryUtilizationMegabytes", "GpuMemoryCapacityMegabytes", "CpuMemoryUtilizationPercentage", "CpuMemoryUtilizationMegabytes", "CpuMemoryCapacityMegabytes", "DiskReadMegabytes", "DiskWriteMegabytes", "NetworkInputMegabytes", "NetworkOutputMegabytes", "IBReceiveMegabytes", "IBTransmitMegabytes", "DiskUsedMegabytes", "DiskAvailMegabytes"], reserved_disk_space_bytes: 1400000000, additional_scrape_jobs: [] }
2023-03-05T14:02:31.208327Z  INFO metrics-capability::do_main: metrics_capability: run token file created
2023-03-05T14:02:31.208345Z  INFO metrics-capability::do_main: metrics_capability: embedded file file="prometheus-template.yml"
2023-03-05T14:02:31.209038Z  INFO metrics-capability::do_main: metrics_capability: prometheus config file created
2023-03-05T14:02:31.209068Z  INFO metrics-capability::do_main: metrics_capability::additional_scrape_jobs_configer: No additional scrape jobs configured.
2023-03-05T14:02:31.209110Z  INFO metrics_capability: starting prometheus subprocess watcher task
2023-03-05T14:02:31.209129Z  INFO metrics_capability: starting prometheus subprocess: prometheus ["--storage.tsdb.retention.time=30m", "--log.level=info", "--enable-feature=expand-external-labels", "--config.file=/usr/local/bin/prometheus.yml", "--web.listen-address=0.0.0.0:9090"] retry_count=1
2023-03-05T14:02:31.209250Z  INFO metrics_capability: starting cadvisor subprocess watcher task
2023-03-05T14:02:31.209268Z  INFO metrics_capability: starting cadvisor subprocess: cadvisor ["--stderrthreshold=0", "--raw_cgroup_prefix_whitelist=/system.slice/containerd.service", "--listen_ip=0.0.0.0", "--port=8081"] retry_count=1
2023-03-05T14:02:31.209351Z  INFO metrics_capability: starting node-exporter subprocess watcher task
2023-03-05T14:02:31.209369Z  INFO metrics_capability: starting node-exporter subprocess: node_exporter ["--collector.disable-defaults", "--collector.infiniband", "--collector.diskstats", "--log.level=info", "--web.listen-address=0.0.0.0:9100"] retry_count=1
2023-03-05T14:02:31.209451Z  INFO metrics_capability: heartbeat: starting
2023-03-05T14:02:31.221614Z  INFO metrics-capability::do_main: metrics_capability: No GPUs found, skipping nvidia-smi instant exporter
2023-03-05T14:02:31.221657Z  INFO metrics-capability::do_main: metrics_capability: metrics capability starting service address=/mnt/azureml/cr/j/b00ee3f98bc844d596a8ecf1184ddf79/.grpc/metrics-capability:0
2023-03-05T14:02:31.221709Z  INFO metrics-capability::do_main:metrics-capability::run_service{address="/mnt/azureml/cr/j/b00ee3f98bc844d596a8ecf1184ddf79/.grpc/metrics-capability:0" handles=[JoinHandle { id: Id(9) }, JoinHandle { id: Id(10) }, JoinHandle { id: Id(11) }, JoinHandle { id: Id(12) }, JoinHandle { id: Id(13) }, JoinHandle { id: Id(14) }]}: metrics_capability::service: metrics capability starting service address=/mnt/azureml/cr/j/b00ee3f98bc844d596a8ecf1184ddf79/.grpc/metrics-capability:0
2023-03-05T14:02:31.221836Z  INFO metrics-capability::do_main:metrics-capability::run_service{address="/mnt/azureml/cr/j/b00ee3f98bc844d596a8ecf1184ddf79/.grpc/metrics-capability:0" handles=[JoinHandle { id: Id(9) }, JoinHandle { id: Id(10) }, JoinHandle { id: Id(11) }, JoinHandle { id: Id(12) }, JoinHandle { id: Id(13) }, JoinHandle { id: Id(14) }]}:serve: grpc_utils::endpoint::serve: serving gRPC service endpoint=Uds("/mnt/azureml/cr/j/b00ee3f98bc844d596a8ecf1184ddf79/.grpc/metrics-capability:0") retry=ExponentialBackoffRetry { retry_delay_secs: 2, delay_factor: 1000, num_retries: 3 }
2023-03-05T14:02:31.221962Z  INFO metrics_capability: starting run token updater task
2023-03-05T14:02:31.222085Z  INFO vienna_client::run_history::refresh_run_token{service_endpoint="https://centralindia.api.azureml.ms" run_id=RunId { subscription_id: "954d293d-1bbc-463b-b514-e6b61c3a4e32", resource_group_name: "svramgopal-rg", workspace_name: "WS1-India", experiment_name: "Preprocessing", run_id: "strong_hominy_41dp5nmy8w" }}: vienna_client::run_history: Calling service service_endpoint="https://centralindia.api.azureml.ms"
2023-03-05T14:02:31.228974Z  INFO metrics_capability: started node-exporter subprocess
2023-03-05T14:02:31.229016Z  INFO metrics_capability: starting disk full checker, reserved_disk_space_bytes: 1400000000
2023-03-05T14:02:31.229038Z  INFO metrics_capability: heartbeat: AZ_BATCH_NODE_ROOT_DIR (node_disk_available_bytes) = 24864268288 metric_name=node_disk_available_bytes value=24864268288 root_dir=/mnt/root_dir
2023-03-05T14:02:31.231128Z  INFO metrics_capability: started cadvisor subprocess
2023-03-05T14:02:31.232479Z  INFO metrics_capability: started prometheus subprocess
2023-03-05T14:02:31.236270Z  INFO metrics_capability: [node-exporter] ts=2023-03-05T14:02:31.236Z caller=node_exporter.go:182 level=info msg="Starting node_exporter" version="(version=1.3.1, branch=HEAD, revision=a2321e7b940ddcff26873612bccdf7cd4c42b6b6)"
2023-03-05T14:02:31.236301Z  INFO metrics_capability: [node-exporter] ts=2023-03-05T14:02:31.236Z caller=node_exporter.go:183 level=info msg="Build context" build_context="(go=go1.17.3, user=root@243aafa5525c, date=20211205-11:09:49)"
2023-03-05T14:02:31.236638Z  INFO metrics_capability: [node-exporter] ts=2023-03-05T14:02:31.236Z caller=node_exporter.go:185 level=warn msg="Node Exporter is running as root user. This exporter is designed to run as unpriviledged user, root is not required."
2023-03-05T14:02:31.236657Z  INFO metrics_capability: [node-exporter] ts=2023-03-05T14:02:31.236Z caller=node_exporter.go:108 level=info msg="Enabled collectors"
2023-03-05T14:02:31.236667Z  INFO metrics_capability: [node-exporter] ts=2023-03-05T14:02:31.236Z caller=node_exporter.go:115 level=info collector=diskstats
2023-03-05T14:02:31.236676Z  INFO metrics_capability: [node-exporter] ts=2023-03-05T14:02:31.236Z caller=node_exporter.go:115 level=info collector=infiniband
2023-03-05T14:02:31.236688Z  INFO metrics_capability: [node-exporter] ts=2023-03-05T14:02:31.236Z caller=node_exporter.go:199 level=info msg="Listening on" address=0.0.0.0:9100
2023-03-05T14:02:31.236989Z  INFO metrics_capability: [node-exporter] ts=2023-03-05T14:02:31.236Z caller=tls_config.go:195 level=info msg="TLS is disabled." http2=false
2023-03-05T14:02:31.311742Z  INFO metrics_capability: [prometheus] ts=2023-03-05T14:02:31.311Z caller=main.go:180 level=info msg="Experimental expand-external-labels enabled"
2023-03-05T14:02:31.312806Z  INFO metrics_capability: [prometheus] ts=2023-03-05T14:02:31.312Z caller=main.go:515 level=info msg="Starting Prometheus" version="(version=2.32.1, branch=HEAD, revision=41f1a8125e664985dd30674e5bdf6b683eff5d32)"
2023-03-05T14:02:31.312957Z  INFO metrics_capability: [prometheus] ts=2023-03-05T14:02:31.312Z caller=main.go:520 level=info build_context="(go=go1.17.5, user=root@54b6dbd48b97, date=20211217-22:08:06)"
2023-03-05T14:02:31.313094Z  INFO metrics_capability: [prometheus] ts=2023-03-05T14:02:31.313Z caller=main.go:521 level=info host_details="(Linux 5.0.0-1036-azure #38-Ubuntu SMP Sun Mar 22 21:27:21 UTC 2020 x86_64 002a21c51e114dfd97f6a001b5bd19d7000001 (none))"
2023-03-05T14:02:31.313194Z  INFO metrics_capability: [prometheus] ts=2023-03-05T14:02:31.313Z caller=main.go:522 level=info fd_limits="(soft=262144, hard=262144)"
2023-03-05T14:02:31.313274Z  INFO metrics_capability: [prometheus] ts=2023-03-05T14:02:31.313Z caller=main.go:523 level=info vm_limits="(soft=unlimited, hard=unlimited)"
2023-03-05T14:02:31.315649Z  INFO metrics_capability: [prometheus] ts=2023-03-05T14:02:31.315Z caller=web.go:570 level=info component=web msg="Start listening for connections" address=0.0.0.0:9090
2023-03-05T14:02:31.316104Z  INFO metrics_capability: [prometheus] ts=2023-03-05T14:02:31.316Z caller=main.go:924 level=info msg="Starting TSDB ..."
2023-03-05T14:02:31.316951Z  INFO metrics_capability: [prometheus] ts=2023-03-05T14:02:31.316Z caller=tls_config.go:195 level=info component=web msg="TLS is disabled." http2=false
2023-03-05T14:02:31.320612Z  INFO metrics_capability: [prometheus] ts=2023-03-05T14:02:31.320Z caller=head.go:488 level=info component=tsdb msg="Replaying on-disk memory mappable chunks if any"
2023-03-05T14:02:31.320642Z  INFO metrics_capability: [prometheus] ts=2023-03-05T14:02:31.320Z caller=head.go:522 level=info component=tsdb msg="On-disk memory mappable chunks replay completed" duration=2.5µs
2023-03-05T14:02:31.320653Z  INFO metrics_capability: [prometheus] ts=2023-03-05T14:02:31.320Z caller=head.go:528 level=info component=tsdb msg="Replaying WAL, this may take a while"
2023-03-05T14:02:31.320808Z  INFO metrics_capability: [prometheus] ts=2023-03-05T14:02:31.320Z caller=head.go:599 level=info component=tsdb msg="WAL segment loaded" segment=0 maxSegment=0
2023-03-05T14:02:31.320849Z  INFO metrics_capability: [prometheus] ts=2023-03-05T14:02:31.320Z caller=head.go:605 level=info component=tsdb msg="WAL replay completed" checkpoint_replay_duration=32.6µs wal_replay_duration=145.403µs total_replay_duration=198.804µs
2023-03-05T14:02:31.321624Z  INFO metrics_capability: [prometheus] ts=2023-03-05T14:02:31.321Z caller=main.go:945 level=info fs_type=794c7630
2023-03-05T14:02:31.321705Z  INFO metrics_capability: [prometheus] ts=2023-03-05T14:02:31.321Z caller=main.go:948 level=info msg="TSDB started"
2023-03-05T14:02:31.321781Z  INFO metrics_capability: [prometheus] ts=2023-03-05T14:02:31.321Z caller=main.go:1129 level=info msg="Loading configuration file" filename=/usr/local/bin/prometheus.yml
2023-03-05T14:02:31.322842Z  INFO metrics_capability: [prometheus] ts=2023-03-05T14:02:31.322Z caller=dedupe.go:112 component=remote level=info remote_name=a46fcb url=https://centralindia.api.azureml.ms/metric/v2.0/subscriptions/954d293d-1bbc-463b-b514-e6b61c3a4e32/resourceGroups/svramgopal-rg/providers/Microsoft.MachineLearningServices/workspaces/WS1-India/api/2.0/prometheus/post msg="Starting WAL watcher" queue=a46fcb
2023-03-05T14:02:31.322880Z  INFO metrics_capability: [prometheus] ts=2023-03-05T14:02:31.322Z caller=dedupe.go:112 component=remote level=info remote_name=a46fcb url=https://centralindia.api.azureml.ms/metric/v2.0/subscriptions/954d293d-1bbc-463b-b514-e6b61c3a4e32/resourceGroups/svramgopal-rg/providers/Microsoft.MachineLearningServices/workspaces/WS1-India/api/2.0/prometheus/post msg="Starting scraped metadata watcher"
2023-03-05T14:02:31.323356Z  INFO metrics_capability: [prometheus] ts=2023-03-05T14:02:31.323Z caller=dedupe.go:112 component=remote level=info remote_name=a46fcb url=https://centralindia.api.azureml.ms/metric/v2.0/subscriptions/954d293d-1bbc-463b-b514-e6b61c3a4e32/resourceGroups/svramgopal-rg/providers/Microsoft.MachineLearningServices/workspaces/WS1-India/api/2.0/prometheus/post msg="Replaying WAL" queue=a46fcb
2023-03-05T14:02:31.323569Z  INFO vienna_client::run_history::refresh_run_token{service_endpoint="https://centralindia.api.azureml.ms" run_id=RunId { subscription_id: "954d293d-1bbc-463b-b514-e6b61c3a4e32", resource_group_name: "svramgopal-rg", workspace_name: "WS1-India", experiment_name: "Preprocessing", run_id: "strong_hominy_41dp5nmy8w" }}: vienna_client::run_history: close time.busy=10.5ms time.idle=91.0ms
2023-03-05T14:02:31.323626Z  INFO metrics_capability: run token refreshed, expiration 2023-03-06 14:02:31.297301200 +00:00
2023-03-05T14:02:31.323746Z  INFO metrics_capability: run token written to file
2023-03-05T14:02:31.333600Z  INFO metrics_capability: [prometheus] ts=2023-03-05T14:02:31.333Z caller=main.go:1166 level=info msg="Completed loading of configuration file" filename=/usr/local/bin/prometheus.yml totalDuration=11.710544ms db_storage=20.801µs remote_storage=580.812µs web_handler=300ns query_engine=600ns scrape=8.433676ms scrape_sd=65.801µs notify=1µs notify_sd=2µs rules=2.101044ms
2023-03-05T14:02:31.333641Z  INFO metrics_capability: [prometheus] ts=2023-03-05T14:02:31.333Z caller=main.go:897 level=info msg="Server is ready to receive web requests."
2023-03-05T14:02:42.237681Z  INFO metrics_capability: [prometheus] ts=2023-03-05T14:02:42.237Z caller=dedupe.go:112 component=remote level=info remote_name=a46fcb url=https://centralindia.api.azureml.ms/metric/v2.0/subscriptions/954d293d-1bbc-463b-b514-e6b61c3a4e32/resourceGroups/svramgopal-rg/providers/Microsoft.MachineLearningServices/workspaces/WS1-India/api/2.0/prometheus/post msg="Done replaying WAL" duration=10.914379703s
2023-03-05T14:02:58.328826Z  INFO metrics-capability::start: metrics_capability::capability_service: metrics capability lifecycle hook start called
2023-03-05T14:02:58.328874Z  INFO metrics-capability::start: metrics_capability::capability_service: close time.busy=50.1µs time.idle=18.3µs
