2023-03-05T14:02:22.990058Z  INFO telemetry: job_telemetry_init artifact_type=installed branch=origin/20cc1ff807d99bb39f76d05f114b2795a2f0e1a7 ci_number=20230224.1 ci_name=CommonRuntime-prod-build build_time=2023-02-24 10:33:03.082104
2023-03-05T14:02:22.990287Z  INFO load_config_from_env: lifecycler::config: Resolved grpc addresses lifecycler_address=/mnt/azureml/cr/j/b00ee3f98bc844d596a8ecf1184ddf79/.grpc/lifecycler:0 executor_address=/mnt/azureml/cr/j/b00ee3f98bc844d596a8ecf1184ddf79/.grpc/executor:0
2023-03-05T14:02:22.990515Z  INFO load_config_from_env:load_capability_addresses_from_env: lifecycler::config: loaded capability address for DATA_CAPABILITY cap_name=DATA_CAPABILITY address=/mnt/azureml/cr/j/b00ee3f98bc844d596a8ecf1184ddf79/.grpc/data-capability:0
2023-03-05T14:02:22.990538Z  INFO load_config_from_env:load_capability_addresses_from_env: lifecycler::config: loaded capability address for SNAPSHOT_CAPABILITY cap_name=SNAPSHOT_CAPABILITY address=/mnt/azureml/cr/j/b00ee3f98bc844d596a8ecf1184ddf79/.grpc/snapshot-capability:0
2023-03-05T14:02:22.990551Z  INFO load_config_from_env:load_capability_addresses_from_env: lifecycler::config: loaded capability address for CS_CAPABILITY cap_name=CS_CAPABILITY address=/mnt/azureml/cr/j/b00ee3f98bc844d596a8ecf1184ddf79/.grpc/cs-capability:0
2023-03-05T14:02:22.990562Z  INFO load_config_from_env:load_capability_addresses_from_env: lifecycler::config: loaded capability address for HOSTTOOLS_CAPABILITY cap_name=HOSTTOOLS_CAPABILITY address=/mnt/azureml/cr/j/b00ee3f98bc844d596a8ecf1184ddf79/.grpc/hosttools-capability:0
2023-03-05T14:02:22.990574Z  INFO load_config_from_env:load_capability_addresses_from_env: lifecycler::config: loaded capability address for METRICS_CAPABILITY cap_name=METRICS_CAPABILITY address=/mnt/azureml/cr/j/b00ee3f98bc844d596a8ecf1184ddf79/.grpc/metrics-capability:0
2023-03-05T14:02:22.990609Z  INFO load_config_from_env:load_capability_addresses_from_env: lifecycler::config: close time.busy=234µs time.idle=7.20µs
2023-03-05T14:02:22.990675Z  INFO load_config_from_env: lifecycler::config: close time.busy=492µs time.idle=16.2µs
2023-03-05T14:02:22.990759Z  INFO run_lifecycler:run_service_and_step_through_lifecycle: lifecycler::lifecycle: distributed config is not specified, skip setting up distributed barrier
2023-03-05T14:02:22.991133Z  INFO Lifecycler::run_service{distributed_state_sender=None}: lifecycler::service: serving lifecycle service address=/mnt/azureml/cr/j/b00ee3f98bc844d596a8ecf1184ddf79/.grpc/lifecycler:0
2023-03-05T14:02:22.991268Z  INFO Lifecycler::run_service{distributed_state_sender=None}:serve_more: grpc_utils::endpoint::serve: serving gRPC service endpoint=Uds("/mnt/azureml/cr/j/b00ee3f98bc844d596a8ecf1184ddf79/.grpc/lifecycler:0") retry=ExponentialBackoffRetry { retry_delay_secs: 2, delay_factor: 1000, num_retries: 3 }
2023-03-05T14:02:22.991805Z  INFO run_lifecycler:run_service_and_step_through_lifecycle: lifecycler::lifecycle: Trying to configure lifecycler to ignore termination signals
2023-03-05T14:02:22.998638Z  INFO run_lifecycler:run_service_and_step_through_lifecycle: cr_core: Successfully configured current process to ignore termination signals
2023-03-05T14:02:22.999418Z  INFO run_lifecycler:run_service_and_step_through_lifecycle:step_through_lifecycle:connect_capabilities:connect: grpc_utils::endpoint::connect: Connecting to gRPC service endpoint=Uds("/mnt/azureml/cr/j/b00ee3f98bc844d596a8ecf1184ddf79/.grpc/data-capability:0") retry=FixedIntervalRetry { attempt_timeout_millis: 50, retry_delay_millis: 10, max_duration: 86400s }
2023-03-05T14:02:58.311169Z  INFO run_lifecycler:run_service_and_step_through_lifecycle:step_through_lifecycle:connect_capabilities:connect: grpc_utils::endpoint::connect: Successfully connected to gRPC service endpoint=Uds("/mnt/azureml/cr/j/b00ee3f98bc844d596a8ecf1184ddf79/.grpc/data-capability:0")
2023-03-05T14:02:58.311231Z  INFO run_lifecycler:run_service_and_step_through_lifecycle:step_through_lifecycle:connect_capabilities:connect: grpc_utils::endpoint::connect: close time.busy=185ms time.idle=35.1s
2023-03-05T14:02:58.311361Z  INFO run_lifecycler:run_service_and_step_through_lifecycle:step_through_lifecycle:connect_capabilities:connect: grpc_utils::endpoint::connect: Connecting to gRPC service endpoint=Uds("/mnt/azureml/cr/j/b00ee3f98bc844d596a8ecf1184ddf79/.grpc/data-capability:0") retry=FixedIntervalRetry { attempt_timeout_millis: 50, retry_delay_millis: 10, max_duration: 86400s }
2023-03-05T14:02:58.311676Z  INFO run_lifecycler:run_service_and_step_through_lifecycle:step_through_lifecycle:connect_capabilities:connect: grpc_utils::endpoint::connect: Successfully connected to gRPC service endpoint=Uds("/mnt/azureml/cr/j/b00ee3f98bc844d596a8ecf1184ddf79/.grpc/data-capability:0")
2023-03-05T14:02:58.311744Z  INFO run_lifecycler:run_service_and_step_through_lifecycle:step_through_lifecycle:connect_capabilities:connect: grpc_utils::endpoint::connect: close time.busy=195µs time.idle=195µs
2023-03-05T14:02:58.311863Z  INFO run_lifecycler:run_service_and_step_through_lifecycle:step_through_lifecycle:connect_capabilities:connect: grpc_utils::endpoint::connect: Connecting to gRPC service endpoint=Uds("/mnt/azureml/cr/j/b00ee3f98bc844d596a8ecf1184ddf79/.grpc/data-capability:0") retry=FixedIntervalRetry { attempt_timeout_millis: 50, retry_delay_millis: 10, max_duration: 86400s }
2023-03-05T14:02:58.312666Z  INFO run_lifecycler:run_service_and_step_through_lifecycle:step_through_lifecycle:connect_capabilities:connect: grpc_utils::endpoint::connect: Successfully connected to gRPC service endpoint=Uds("/mnt/azureml/cr/j/b00ee3f98bc844d596a8ecf1184ddf79/.grpc/data-capability:0")
2023-03-05T14:02:58.312734Z  INFO run_lifecycler:run_service_and_step_through_lifecycle:step_through_lifecycle:connect_capabilities:connect: grpc_utils::endpoint::connect: close time.busy=182µs time.idle=693µs
2023-03-05T14:02:58.312783Z  INFO run_lifecycler:run_service_and_step_through_lifecycle:step_through_lifecycle:connect_capabilities:wait_for_service_healthy: lifecycler::health_monitor: Waiting for service to become healthy: DATA_CAPABILITY service_name=DATA_CAPABILITY timeout=30s
2023-03-05T14:02:58.312842Z  WARN run_lifecycler:run_service_and_step_through_lifecycle:step_through_lifecycle:connect_capabilities:wait_for_service_healthy: grpc_utils::span: failed to inject span context to grpc request
2023-03-05T14:02:58.315143Z  INFO run_lifecycler:run_service_and_step_through_lifecycle:step_through_lifecycle:connect_capabilities:wait_for_service_healthy: lifecycler::health_client: Health status for service: DATA_CAPABILITY service_name=DATA_CAPABILITY health_status=1
2023-03-05T14:02:58.315182Z  INFO run_lifecycler:run_service_and_step_through_lifecycle:step_through_lifecycle:connect_capabilities:wait_for_service_healthy: lifecycler::health_monitor: Service has become healthy service_name=DATA_CAPABILITY
2023-03-05T14:02:58.315209Z  INFO run_lifecycler:run_service_and_step_through_lifecycle:step_through_lifecycle:connect_capabilities:wait_for_service_healthy: lifecycler::health_monitor: close time.busy=226µs time.idle=2.21ms
2023-03-05T14:02:58.315323Z  INFO run_lifecycler:run_service_and_step_through_lifecycle:step_through_lifecycle:connect_capabilities:connect: grpc_utils::endpoint::connect: Connecting to gRPC service endpoint=Uds("/mnt/azureml/cr/j/b00ee3f98bc844d596a8ecf1184ddf79/.grpc/snapshot-capability:0") retry=FixedIntervalRetry { attempt_timeout_millis: 50, retry_delay_millis: 10, max_duration: 86400s }
2023-03-05T14:02:58.315794Z  INFO run_lifecycler:run_service_and_step_through_lifecycle:step_through_lifecycle:connect_capabilities:connect: grpc_utils::endpoint::connect: Successfully connected to gRPC service endpoint=Uds("/mnt/azureml/cr/j/b00ee3f98bc844d596a8ecf1184ddf79/.grpc/snapshot-capability:0")
2023-03-05T14:02:58.315837Z  INFO run_lifecycler:run_service_and_step_through_lifecycle:step_through_lifecycle:connect_capabilities:connect: grpc_utils::endpoint::connect: close time.busy=210µs time.idle=309µs
2023-03-05T14:02:58.315932Z  INFO run_lifecycler:run_service_and_step_through_lifecycle:step_through_lifecycle:connect_capabilities:connect: grpc_utils::endpoint::connect: Connecting to gRPC service endpoint=Uds("/mnt/azureml/cr/j/b00ee3f98bc844d596a8ecf1184ddf79/.grpc/snapshot-capability:0") retry=FixedIntervalRetry { attempt_timeout_millis: 50, retry_delay_millis: 10, max_duration: 86400s }
2023-03-05T14:02:58.316226Z  INFO run_lifecycler:run_service_and_step_through_lifecycle:step_through_lifecycle:connect_capabilities:connect: grpc_utils::endpoint::connect: Successfully connected to gRPC service endpoint=Uds("/mnt/azureml/cr/j/b00ee3f98bc844d596a8ecf1184ddf79/.grpc/snapshot-capability:0")
2023-03-05T14:02:58.316408Z  INFO run_lifecycler:run_service_and_step_through_lifecycle:step_through_lifecycle:connect_capabilities:connect: grpc_utils::endpoint::connect: close time.busy=313µs time.idle=167µs
2023-03-05T14:02:58.316536Z  INFO run_lifecycler:run_service_and_step_through_lifecycle:step_through_lifecycle:connect_capabilities:connect: grpc_utils::endpoint::connect: Connecting to gRPC service endpoint=Uds("/mnt/azureml/cr/j/b00ee3f98bc844d596a8ecf1184ddf79/.grpc/snapshot-capability:0") retry=FixedIntervalRetry { attempt_timeout_millis: 50, retry_delay_millis: 10, max_duration: 86400s }
2023-03-05T14:02:58.316765Z  INFO run_lifecycler:run_service_and_step_through_lifecycle:step_through_lifecycle:connect_capabilities:connect: grpc_utils::endpoint::connect: Successfully connected to gRPC service endpoint=Uds("/mnt/azureml/cr/j/b00ee3f98bc844d596a8ecf1184ddf79/.grpc/snapshot-capability:0")
2023-03-05T14:02:58.316870Z  INFO run_lifecycler:run_service_and_step_through_lifecycle:step_through_lifecycle:connect_capabilities:connect: grpc_utils::endpoint::connect: close time.busy=233µs time.idle=106µs
2023-03-05T14:02:58.316908Z  INFO run_lifecycler:run_service_and_step_through_lifecycle:step_through_lifecycle:connect_capabilities:wait_for_service_healthy: lifecycler::health_monitor: Waiting for service to become healthy: SNAPSHOT_CAPABILITY service_name=SNAPSHOT_CAPABILITY timeout=30s
2023-03-05T14:02:58.316933Z  WARN run_lifecycler:run_service_and_step_through_lifecycle:step_through_lifecycle:connect_capabilities:wait_for_service_healthy: grpc_utils::span: failed to inject span context to grpc request
2023-03-05T14:02:58.317487Z  INFO run_lifecycler:run_service_and_step_through_lifecycle:step_through_lifecycle:connect_capabilities:wait_for_service_healthy: lifecycler::health_client: Health status for service: SNAPSHOT_CAPABILITY service_name=SNAPSHOT_CAPABILITY health_status=1
2023-03-05T14:02:58.317569Z  INFO run_lifecycler:run_service_and_step_through_lifecycle:step_through_lifecycle:connect_capabilities:wait_for_service_healthy: lifecycler::health_monitor: Service has become healthy service_name=SNAPSHOT_CAPABILITY
2023-03-05T14:02:58.317655Z  INFO run_lifecycler:run_service_and_step_through_lifecycle:step_through_lifecycle:connect_capabilities:wait_for_service_healthy: lifecycler::health_monitor: close time.busy=290µs time.idle=461µs
2023-03-05T14:02:58.317803Z  INFO run_lifecycler:run_service_and_step_through_lifecycle:step_through_lifecycle:connect_capabilities:connect: grpc_utils::endpoint::connect: Connecting to gRPC service endpoint=Uds("/mnt/azureml/cr/j/b00ee3f98bc844d596a8ecf1184ddf79/.grpc/cs-capability:0") retry=FixedIntervalRetry { attempt_timeout_millis: 50, retry_delay_millis: 10, max_duration: 86400s }
2023-03-05T14:02:58.318006Z  INFO run_lifecycler:run_service_and_step_through_lifecycle:step_through_lifecycle:connect_capabilities:connect: grpc_utils::endpoint::connect: Successfully connected to gRPC service endpoint=Uds("/mnt/azureml/cr/j/b00ee3f98bc844d596a8ecf1184ddf79/.grpc/cs-capability:0")
2023-03-05T14:02:58.318096Z  INFO run_lifecycler:run_service_and_step_through_lifecycle:step_through_lifecycle:connect_capabilities:connect: grpc_utils::endpoint::connect: close time.busy=293µs time.idle=4.40µs
2023-03-05T14:02:58.318230Z  INFO run_lifecycler:run_service_and_step_through_lifecycle:step_through_lifecycle:connect_capabilities:connect: grpc_utils::endpoint::connect: Connecting to gRPC service endpoint=Uds("/mnt/azureml/cr/j/b00ee3f98bc844d596a8ecf1184ddf79/.grpc/cs-capability:0") retry=FixedIntervalRetry { attempt_timeout_millis: 50, retry_delay_millis: 10, max_duration: 86400s }
2023-03-05T14:02:58.318386Z  INFO run_lifecycler:run_service_and_step_through_lifecycle:step_through_lifecycle:connect_capabilities:connect: grpc_utils::endpoint::connect: Successfully connected to gRPC service endpoint=Uds("/mnt/azureml/cr/j/b00ee3f98bc844d596a8ecf1184ddf79/.grpc/cs-capability:0")
2023-03-05T14:02:58.318423Z  INFO run_lifecycler:run_service_and_step_through_lifecycle:step_through_lifecycle:connect_capabilities:connect: grpc_utils::endpoint::connect: close time.busy=192µs time.idle=4.30µs
2023-03-05T14:02:58.318515Z  INFO run_lifecycler:run_service_and_step_through_lifecycle:step_through_lifecycle:connect_capabilities:connect: grpc_utils::endpoint::connect: Connecting to gRPC service endpoint=Uds("/mnt/azureml/cr/j/b00ee3f98bc844d596a8ecf1184ddf79/.grpc/cs-capability:0") retry=FixedIntervalRetry { attempt_timeout_millis: 50, retry_delay_millis: 10, max_duration: 86400s }
2023-03-05T14:02:58.318902Z  INFO run_lifecycler:run_service_and_step_through_lifecycle:step_through_lifecycle:connect_capabilities:connect: grpc_utils::endpoint::connect: Successfully connected to gRPC service endpoint=Uds("/mnt/azureml/cr/j/b00ee3f98bc844d596a8ecf1184ddf79/.grpc/cs-capability:0")
2023-03-05T14:02:58.318940Z  INFO run_lifecycler:run_service_and_step_through_lifecycle:step_through_lifecycle:connect_capabilities:connect: grpc_utils::endpoint::connect: close time.busy=185µs time.idle=243µs
2023-03-05T14:02:58.319038Z  INFO run_lifecycler:run_service_and_step_through_lifecycle:step_through_lifecycle:connect_capabilities:wait_for_service_healthy: lifecycler::health_monitor: Waiting for service to become healthy: CS_CAPABILITY service_name=CS_CAPABILITY timeout=30s
2023-03-05T14:02:58.319085Z  WARN run_lifecycler:run_service_and_step_through_lifecycle:step_through_lifecycle:connect_capabilities:wait_for_service_healthy: grpc_utils::span: failed to inject span context to grpc request
2023-03-05T14:02:58.321223Z  INFO run_lifecycler:run_service_and_step_through_lifecycle:step_through_lifecycle:connect_capabilities:wait_for_service_healthy: lifecycler::health_client: Health status for service: CS_CAPABILITY service_name=CS_CAPABILITY health_status=1
2023-03-05T14:02:58.321699Z  INFO run_lifecycler:run_service_and_step_through_lifecycle:step_through_lifecycle:connect_capabilities:wait_for_service_healthy: lifecycler::health_monitor: Service has become healthy service_name=CS_CAPABILITY
2023-03-05T14:02:58.321759Z  INFO run_lifecycler:run_service_and_step_through_lifecycle:step_through_lifecycle:connect_capabilities:wait_for_service_healthy: lifecycler::health_monitor: close time.busy=664µs time.idle=2.06ms
2023-03-05T14:02:58.321886Z  INFO run_lifecycler:run_service_and_step_through_lifecycle:step_through_lifecycle:connect_capabilities:connect: grpc_utils::endpoint::connect: Connecting to gRPC service endpoint=Uds("/mnt/azureml/cr/j/b00ee3f98bc844d596a8ecf1184ddf79/.grpc/hosttools-capability:0") retry=FixedIntervalRetry { attempt_timeout_millis: 50, retry_delay_millis: 10, max_duration: 86400s }
2023-03-05T14:02:58.322077Z  INFO run_lifecycler:run_service_and_step_through_lifecycle:step_through_lifecycle:connect_capabilities:connect: grpc_utils::endpoint::connect: Successfully connected to gRPC service endpoint=Uds("/mnt/azureml/cr/j/b00ee3f98bc844d596a8ecf1184ddf79/.grpc/hosttools-capability:0")
2023-03-05T14:02:58.322138Z  INFO run_lifecycler:run_service_and_step_through_lifecycle:step_through_lifecycle:connect_capabilities:connect: grpc_utils::endpoint::connect: close time.busy=245µs time.idle=11.2µs
2023-03-05T14:02:58.322260Z  INFO run_lifecycler:run_service_and_step_through_lifecycle:step_through_lifecycle:connect_capabilities:connect: grpc_utils::endpoint::connect: Connecting to gRPC service endpoint=Uds("/mnt/azureml/cr/j/b00ee3f98bc844d596a8ecf1184ddf79/.grpc/hosttools-capability:0") retry=FixedIntervalRetry { attempt_timeout_millis: 50, retry_delay_millis: 10, max_duration: 86400s }
2023-03-05T14:02:58.322441Z  INFO run_lifecycler:run_service_and_step_through_lifecycle:step_through_lifecycle:connect_capabilities:connect: grpc_utils::endpoint::connect: Successfully connected to gRPC service endpoint=Uds("/mnt/azureml/cr/j/b00ee3f98bc844d596a8ecf1184ddf79/.grpc/hosttools-capability:0")
2023-03-05T14:02:58.322480Z  INFO run_lifecycler:run_service_and_step_through_lifecycle:step_through_lifecycle:connect_capabilities:connect: grpc_utils::endpoint::connect: close time.busy=165µs time.idle=59.6µs
2023-03-05T14:02:58.322583Z  INFO run_lifecycler:run_service_and_step_through_lifecycle:step_through_lifecycle:connect_capabilities:connect: grpc_utils::endpoint::connect: Connecting to gRPC service endpoint=Uds("/mnt/azureml/cr/j/b00ee3f98bc844d596a8ecf1184ddf79/.grpc/hosttools-capability:0") retry=FixedIntervalRetry { attempt_timeout_millis: 50, retry_delay_millis: 10, max_duration: 86400s }
2023-03-05T14:02:58.322738Z  INFO run_lifecycler:run_service_and_step_through_lifecycle:step_through_lifecycle:connect_capabilities:connect: grpc_utils::endpoint::connect: Successfully connected to gRPC service endpoint=Uds("/mnt/azureml/cr/j/b00ee3f98bc844d596a8ecf1184ddf79/.grpc/hosttools-capability:0")
2023-03-05T14:02:58.322773Z  INFO run_lifecycler:run_service_and_step_through_lifecycle:step_through_lifecycle:connect_capabilities:connect: grpc_utils::endpoint::connect: close time.busy=183µs time.idle=11.1µs
2023-03-05T14:02:58.322802Z  INFO run_lifecycler:run_service_and_step_through_lifecycle:step_through_lifecycle:connect_capabilities:wait_for_service_healthy: lifecycler::health_monitor: Waiting for service to become healthy: HOSTTOOLS_CAPABILITY service_name=HOSTTOOLS_CAPABILITY timeout=30s
2023-03-05T14:02:58.322825Z  WARN run_lifecycler:run_service_and_step_through_lifecycle:step_through_lifecycle:connect_capabilities:wait_for_service_healthy: grpc_utils::span: failed to inject span context to grpc request
2023-03-05T14:02:58.323781Z  INFO run_lifecycler:run_service_and_step_through_lifecycle:step_through_lifecycle:connect_capabilities:wait_for_service_healthy: lifecycler::health_client: Health status for service: HOSTTOOLS_CAPABILITY service_name=HOSTTOOLS_CAPABILITY health_status=1
2023-03-05T14:02:58.323848Z  INFO run_lifecycler:run_service_and_step_through_lifecycle:step_through_lifecycle:connect_capabilities:wait_for_service_healthy: lifecycler::health_monitor: Service has become healthy service_name=HOSTTOOLS_CAPABILITY
2023-03-05T14:02:58.323889Z  INFO run_lifecycler:run_service_and_step_through_lifecycle:step_through_lifecycle:connect_capabilities:wait_for_service_healthy: lifecycler::health_monitor: close time.busy=213µs time.idle=878µs
2023-03-05T14:02:58.324019Z  INFO run_lifecycler:run_service_and_step_through_lifecycle:step_through_lifecycle:connect_capabilities:connect: grpc_utils::endpoint::connect: Connecting to gRPC service endpoint=Uds("/mnt/azureml/cr/j/b00ee3f98bc844d596a8ecf1184ddf79/.grpc/metrics-capability:0") retry=FixedIntervalRetry { attempt_timeout_millis: 50, retry_delay_millis: 10, max_duration: 86400s }
2023-03-05T14:02:58.325417Z  INFO run_lifecycler:run_service_and_step_through_lifecycle:step_through_lifecycle:connect_capabilities:connect: grpc_utils::endpoint::connect: Successfully connected to gRPC service endpoint=Uds("/mnt/azureml/cr/j/b00ee3f98bc844d596a8ecf1184ddf79/.grpc/metrics-capability:0")
2023-03-05T14:02:58.325527Z  INFO run_lifecycler:run_service_and_step_through_lifecycle:step_through_lifecycle:connect_capabilities:connect: grpc_utils::endpoint::connect: close time.busy=295µs time.idle=1.22ms
2023-03-05T14:02:58.325653Z  INFO run_lifecycler:run_service_and_step_through_lifecycle:step_through_lifecycle:connect_capabilities:connect: grpc_utils::endpoint::connect: Connecting to gRPC service endpoint=Uds("/mnt/azureml/cr/j/b00ee3f98bc844d596a8ecf1184ddf79/.grpc/metrics-capability:0") retry=FixedIntervalRetry { attempt_timeout_millis: 50, retry_delay_millis: 10, max_duration: 86400s }
2023-03-05T14:02:58.325878Z  INFO run_lifecycler:run_service_and_step_through_lifecycle:step_through_lifecycle:connect_capabilities:connect: grpc_utils::endpoint::connect: Successfully connected to gRPC service endpoint=Uds("/mnt/azureml/cr/j/b00ee3f98bc844d596a8ecf1184ddf79/.grpc/metrics-capability:0")
2023-03-05T14:02:58.325915Z  INFO run_lifecycler:run_service_and_step_through_lifecycle:step_through_lifecycle:connect_capabilities:connect: grpc_utils::endpoint::connect: close time.busy=257µs time.idle=10.3µs
2023-03-05T14:02:58.326007Z  INFO run_lifecycler:run_service_and_step_through_lifecycle:step_through_lifecycle:connect_capabilities:connect: grpc_utils::endpoint::connect: Connecting to gRPC service endpoint=Uds("/mnt/azureml/cr/j/b00ee3f98bc844d596a8ecf1184ddf79/.grpc/metrics-capability:0") retry=FixedIntervalRetry { attempt_timeout_millis: 50, retry_delay_millis: 10, max_duration: 86400s }
2023-03-05T14:02:58.326227Z  INFO run_lifecycler:run_service_and_step_through_lifecycle:step_through_lifecycle:connect_capabilities:connect: grpc_utils::endpoint::connect: Successfully connected to gRPC service endpoint=Uds("/mnt/azureml/cr/j/b00ee3f98bc844d596a8ecf1184ddf79/.grpc/metrics-capability:0")
2023-03-05T14:02:58.326288Z  INFO run_lifecycler:run_service_and_step_through_lifecycle:step_through_lifecycle:connect_capabilities:connect: grpc_utils::endpoint::connect: close time.busy=250µs time.idle=35.6µs
2023-03-05T14:02:58.326317Z  INFO run_lifecycler:run_service_and_step_through_lifecycle:step_through_lifecycle:connect_capabilities:wait_for_service_healthy: lifecycler::health_monitor: Waiting for service to become healthy: METRICS_CAPABILITY service_name=METRICS_CAPABILITY timeout=30s
2023-03-05T14:02:58.326341Z  WARN run_lifecycler:run_service_and_step_through_lifecycle:step_through_lifecycle:connect_capabilities:wait_for_service_healthy: grpc_utils::span: failed to inject span context to grpc request
2023-03-05T14:02:58.326815Z  INFO run_lifecycler:run_service_and_step_through_lifecycle:step_through_lifecycle:connect_capabilities:wait_for_service_healthy: lifecycler::health_client: Health status for service: METRICS_CAPABILITY service_name=METRICS_CAPABILITY health_status=1
2023-03-05T14:02:58.326885Z  INFO run_lifecycler:run_service_and_step_through_lifecycle:step_through_lifecycle:connect_capabilities:wait_for_service_healthy: lifecycler::health_monitor: Service has become healthy service_name=METRICS_CAPABILITY
2023-03-05T14:02:58.326914Z  INFO run_lifecycler:run_service_and_step_through_lifecycle:step_through_lifecycle:connect_capabilities:wait_for_service_healthy: lifecycler::health_monitor: close time.busy=184µs time.idle=416µs
2023-03-05T14:02:58.326950Z  INFO run_lifecycler:run_service_and_step_through_lifecycle:step_through_lifecycle:connect_capabilities: lifecycler::lifecycle: close time.busy=205ms time.idle=35.1s
2023-03-05T14:02:58.327016Z  WARN grpc_utils::span: failed to inject span context to grpc request
2023-03-05T14:02:58.327024Z  WARN run_lifecycler:run_service_and_step_through_lifecycle:step_through_lifecycle:start_capabilities:start{name="DATA_CAPABILITY"}: grpc_utils::span: failed to inject span context to grpc request
2023-03-05T14:02:58.327048Z  WARN grpc_utils::span: failed to inject span context to grpc request
2023-03-05T14:02:58.327098Z  WARN grpc_utils::span: failed to inject span context to grpc request
2023-03-05T14:02:58.327120Z  WARN grpc_utils::span: failed to inject span context to grpc request
2023-03-05T14:02:58.327133Z  WARN grpc_utils::span: failed to inject span context to grpc request
2023-03-05T14:02:58.328274Z  WARN run_lifecycler:run_service_and_step_through_lifecycle:step_through_lifecycle:start_capabilities:start{name="SNAPSHOT_CAPABILITY"}: grpc_utils::span: failed to inject span context to grpc request
2023-03-05T14:02:58.328469Z  WARN run_lifecycler:run_service_and_step_through_lifecycle:step_through_lifecycle:start_capabilities:start{name="CS_CAPABILITY"}: grpc_utils::span: failed to inject span context to grpc request
2023-03-05T14:02:58.328506Z  WARN run_lifecycler:run_service_and_step_through_lifecycle:step_through_lifecycle:start_capabilities:start{name="HOSTTOOLS_CAPABILITY"}: grpc_utils::span: failed to inject span context to grpc request
2023-03-05T14:02:58.328535Z  WARN run_lifecycler:run_service_and_step_through_lifecycle:step_through_lifecycle:start_capabilities:start{name="METRICS_CAPABILITY"}: grpc_utils::span: failed to inject span context to grpc request
2023-03-05T14:02:58.329300Z  INFO run_lifecycler:run_service_and_step_through_lifecycle:step_through_lifecycle:start_capabilities:start{name="METRICS_CAPABILITY"}: lifecycler::capability_client: Received success code for start cap_name=METRICS_CAPABILITY
2023-03-05T14:02:58.329374Z  INFO run_lifecycler:run_service_and_step_through_lifecycle:step_through_lifecycle:start_capabilities:start{name="METRICS_CAPABILITY"}: lifecycler::capability_client: close time.busy=122µs time.idle=727µs
2023-03-05T14:02:58.329726Z  INFO run_lifecycler:run_service_and_step_through_lifecycle:step_through_lifecycle:start_capabilities:start{name="HOSTTOOLS_CAPABILITY"}: lifecycler::capability_client: Received success code for start cap_name=HOSTTOOLS_CAPABILITY
2023-03-05T14:02:58.329928Z  INFO run_lifecycler:run_service_and_step_through_lifecycle:step_through_lifecycle:start_capabilities:start{name="HOSTTOOLS_CAPABILITY"}: lifecycler::capability_client: close time.busy=252µs time.idle=1.17ms
2023-03-05T14:02:58.342960Z  INFO run_lifecycler:run_service_and_step_through_lifecycle:step_through_lifecycle:start_capabilities:start{name="CS_CAPABILITY"}: lifecycler::capability_client: Received success code for start cap_name=CS_CAPABILITY
2023-03-05T14:02:58.343037Z  INFO run_lifecycler:run_service_and_step_through_lifecycle:step_through_lifecycle:start_capabilities:start{name="CS_CAPABILITY"}: lifecycler::capability_client: close time.busy=157µs time.idle=14.4ms
2023-03-05T14:02:58.713933Z  INFO run_lifecycler:run_service_and_step_through_lifecycle:step_through_lifecycle:start_capabilities:start{name="SNAPSHOT_CAPABILITY"}: lifecycler::capability_client: Received success code for start cap_name=SNAPSHOT_CAPABILITY
2023-03-05T14:02:58.714001Z  INFO run_lifecycler:run_service_and_step_through_lifecycle:step_through_lifecycle:start_capabilities:start{name="SNAPSHOT_CAPABILITY"}: lifecycler::capability_client: close time.busy=333µs time.idle=385ms
2023-03-05T14:02:59.525948Z  INFO run_lifecycler:run_service_and_step_through_lifecycle:step_through_lifecycle:start_capabilities:start{name="DATA_CAPABILITY"}: lifecycler::capability_client: Received success code for start cap_name=DATA_CAPABILITY
2023-03-05T14:02:59.526028Z  INFO run_lifecycler:run_service_and_step_through_lifecycle:step_through_lifecycle:start_capabilities:start{name="DATA_CAPABILITY"}: lifecycler::capability_client: close time.busy=1.41ms time.idle=1.20s
2023-03-05T14:02:59.526071Z  INFO run_lifecycler:run_service_and_step_through_lifecycle:step_through_lifecycle:start_capabilities: lifecycler::lifecycle: close time.busy=2.66ms time.idle=1.20s
2023-03-05T14:02:59.526223Z  INFO run_lifecycler:run_service_and_step_through_lifecycle:step_through_lifecycle:connect_executor:connect:connect: grpc_utils::endpoint::connect: Connecting to gRPC service endpoint=Uds("/mnt/azureml/cr/j/b00ee3f98bc844d596a8ecf1184ddf79/.grpc/executor:0") retry=FixedIntervalRetry { attempt_timeout_millis: 50, retry_delay_millis: 10, max_duration: 172800s }
2023-03-05T14:03:02.428160Z  INFO run_lifecycler:run_service_and_step_through_lifecycle:step_through_lifecycle:connect_executor:connect:connect: grpc_utils::endpoint::connect: Successfully connected to gRPC service endpoint=Uds("/mnt/azureml/cr/j/b00ee3f98bc844d596a8ecf1184ddf79/.grpc/executor:0")
2023-03-05T14:03:02.428304Z  INFO run_lifecycler:run_service_and_step_through_lifecycle:step_through_lifecycle:connect_executor:connect:connect: grpc_utils::endpoint::connect: close time.busy=14.7ms time.idle=2.89s
2023-03-05T14:03:02.428415Z  INFO run_lifecycler:run_service_and_step_through_lifecycle:step_through_lifecycle:connect_executor:connect: lifecycler::executor_client: close time.busy=15.4ms time.idle=2.89s
2023-03-05T14:03:02.428622Z  INFO run_lifecycler:run_service_and_step_through_lifecycle:step_through_lifecycle:connect_executor:connect:connect: grpc_utils::endpoint::connect: Connecting to gRPC service endpoint=Uds("/mnt/azureml/cr/j/b00ee3f98bc844d596a8ecf1184ddf79/.grpc/executor:0") retry=FixedIntervalRetry { attempt_timeout_millis: 50, retry_delay_millis: 10, max_duration: 172800s }
2023-03-05T14:03:02.428847Z  INFO run_lifecycler:run_service_and_step_through_lifecycle:step_through_lifecycle:connect_executor:connect:connect: grpc_utils::endpoint::connect: Successfully connected to gRPC service endpoint=Uds("/mnt/azureml/cr/j/b00ee3f98bc844d596a8ecf1184ddf79/.grpc/executor:0")
2023-03-05T14:03:02.428905Z  INFO run_lifecycler:run_service_and_step_through_lifecycle:step_through_lifecycle:connect_executor:connect:connect: grpc_utils::endpoint::connect: close time.busy=248µs time.idle=39.6µs
2023-03-05T14:03:02.430112Z  INFO run_lifecycler:run_service_and_step_through_lifecycle:step_through_lifecycle:connect_executor:connect: lifecycler::executor_client: close time.busy=1.56ms time.idle=40.3µs
2023-03-05T14:03:02.430599Z  INFO run_lifecycler:run_service_and_step_through_lifecycle:step_through_lifecycle:connect_executor:connect: grpc_utils::endpoint::connect: Connecting to gRPC service endpoint=Uds("/mnt/azureml/cr/j/b00ee3f98bc844d596a8ecf1184ddf79/.grpc/executor:0") retry=FixedIntervalRetry { attempt_timeout_millis: 50, retry_delay_millis: 10, max_duration: 172800s }
2023-03-05T14:03:02.430805Z  INFO run_lifecycler:run_service_and_step_through_lifecycle:step_through_lifecycle:connect_executor:connect: grpc_utils::endpoint::connect: Successfully connected to gRPC service endpoint=Uds("/mnt/azureml/cr/j/b00ee3f98bc844d596a8ecf1184ddf79/.grpc/executor:0")
2023-03-05T14:03:02.430879Z  INFO run_lifecycler:run_service_and_step_through_lifecycle:step_through_lifecycle:connect_executor:connect: grpc_utils::endpoint::connect: close time.busy=217µs time.idle=67.2µs
2023-03-05T14:03:02.430955Z  INFO run_lifecycler:run_service_and_step_through_lifecycle:step_through_lifecycle:connect_executor:wait_for_service_healthy: lifecycler::health_monitor: Waiting for service to become healthy: Executor service_name=Executor timeout=30s
2023-03-05T14:03:02.430991Z  WARN run_lifecycler:run_service_and_step_through_lifecycle:step_through_lifecycle:connect_executor:wait_for_service_healthy: grpc_utils::span: failed to inject span context to grpc request
2023-03-05T14:03:02.431524Z  INFO run_lifecycler:run_service_and_step_through_lifecycle:step_through_lifecycle:connect_executor:wait_for_service_healthy: lifecycler::health_client: Health status for service: Executor service_name=Executor health_status=1
2023-03-05T14:03:02.431582Z  INFO run_lifecycler:run_service_and_step_through_lifecycle:step_through_lifecycle:connect_executor:wait_for_service_healthy: lifecycler::health_monitor: Service has become healthy service_name=Executor
2023-03-05T14:03:02.431608Z  INFO run_lifecycler:run_service_and_step_through_lifecycle:step_through_lifecycle:connect_executor:wait_for_service_healthy: lifecycler::health_monitor: close time.busy=221µs time.idle=473µs
2023-03-05T14:03:02.431632Z  INFO run_lifecycler:run_service_and_step_through_lifecycle:step_through_lifecycle:connect_executor: lifecycler::lifecycle: close time.busy=18.8ms time.idle=2.89s
2023-03-05T14:03:02.431664Z  INFO run_lifecycler:run_service_and_step_through_lifecycle:step_through_lifecycle:connect_lifecyclers{lifecycler_addresses=None}: lifecycler::lifecycle: close time.busy=900ns time.idle=6.30µs
2023-03-05T14:03:02.431710Z  INFO run_lifecycler:run_service_and_step_through_lifecycle:step_through_lifecycle:execute: lifecycler::lifecycle: entering phase rank=None phase=0 is_leader=true entered_phases=false
2023-03-05T14:03:02.431747Z  INFO run_lifecycler:run_service_and_step_through_lifecycle:step_through_lifecycle:execute:barrier_sync: lifecycler::lifecycle: close time.busy=1.00µs time.idle=2.70µs
2023-03-05T14:03:02.431806Z  INFO run_lifecycler:run_service_and_step_through_lifecycle:step_through_lifecycle:execute: lifecycler::lifecycle: Successfully got AzureML Context from environment, updating Run History with new run attempt
2023-03-05T14:03:02.431828Z  WARN run_lifecycler:run_service_and_step_through_lifecycle:step_through_lifecycle:execute: lifecycler::lifecycle: Skip updating run_attempt since cannot find AZUREML_CR_ENABLE_RUN_ATTEMPT_COUNT_BY_RUN_HISTORY from environment
2023-03-05T14:03:02.431863Z  INFO run_lifecycler:run_service_and_step_through_lifecycle:step_through_lifecycle:execute: lifecycler::lifecycle: starting phase execution rank=None phase=0
2023-03-05T14:03:02.431888Z  INFO run_lifecycler:run_service_and_step_through_lifecycle:step_through_lifecycle:execute: lifecycler::lifecycle: executing phase commands rank=None phase=0
2023-03-05T14:03:02.431923Z  INFO run_lifecycler:run_service_and_step_through_lifecycle:step_through_lifecycle:execute:executor_client::execute_commands{lifecycle_address="/mnt/azureml/cr/j/b00ee3f98bc844d596a8ecf1184ddf79/.grpc/lifecycler:0" scheduling=None debug_mode=Some(false)}: lifecycler::executor_client: Executing commands
2023-03-05T14:03:02.431998Z  WARN run_lifecycler:run_service_and_step_through_lifecycle:step_through_lifecycle:execute:executor_client::execute_commands{lifecycle_address="/mnt/azureml/cr/j/b00ee3f98bc844d596a8ecf1184ddf79/.grpc/lifecycler:0" scheduling=None debug_mode=Some(false)}:executor_client::start_execution{lifecycler_address="/mnt/azureml/cr/j/b00ee3f98bc844d596a8ecf1184ddf79/.grpc/lifecycler:0" debug_mode=Some(false) commands_f=Command(Command { executable: Shell { path: None, command: "pip install bs4 && pip install nltk && python preprocessing.py --data $AZURE_ML_INPUT_data --output $preprocessed_data", success_return_code: Zero { additional_codes: [] } }, stderr: None, stdout: Some("user_logs/std_log.txt") }) path_mappings_f={}}: grpc_utils::span: failed to inject span context to grpc request
2023-03-05T14:03:02.432047Z  INFO run_lifecycler:run_service_and_step_through_lifecycle:step_through_lifecycle:execute:executor_client::execute_commands{lifecycle_address="/mnt/azureml/cr/j/b00ee3f98bc844d596a8ecf1184ddf79/.grpc/lifecycler:0" scheduling=None debug_mode=Some(false)}:executor_client::start_execution{lifecycler_address="/mnt/azureml/cr/j/b00ee3f98bc844d596a8ecf1184ddf79/.grpc/lifecycler:0" debug_mode=Some(false) commands_f=Command(Command { executable: Shell { path: None, command: "pip install bs4 && pip install nltk && python preprocessing.py --data $AZURE_ML_INPUT_data --output $preprocessed_data", success_return_code: Zero { additional_codes: [] } }, stderr: None, stdout: Some("user_logs/std_log.txt") }) path_mappings_f={}}: lifecycler::executor_client: Starting execution execution_id=08b42d15-2d9d-48d9-82f0-20dd48b8b5f2 lifecycler_address=/mnt/azureml/cr/j/b00ee3f98bc844d596a8ecf1184ddf79/.grpc/lifecycler:0
2023-03-05T14:03:02.437786Z  INFO run_lifecycler:run_service_and_step_through_lifecycle:step_through_lifecycle:execute:executor_client::execute_commands{lifecycle_address="/mnt/azureml/cr/j/b00ee3f98bc844d596a8ecf1184ddf79/.grpc/lifecycler:0" scheduling=None debug_mode=Some(false)}:executor_client::start_execution{lifecycler_address="/mnt/azureml/cr/j/b00ee3f98bc844d596a8ecf1184ddf79/.grpc/lifecycler:0" debug_mode=Some(false) commands_f=Command(Command { executable: Shell { path: None, command: "pip install bs4 && pip install nltk && python preprocessing.py --data $AZURE_ML_INPUT_data --output $preprocessed_data", success_return_code: Zero { additional_codes: [] } }, stderr: None, stdout: Some("user_logs/std_log.txt") }) path_mappings_f={}}: lifecycler::executor_client: close time.busy=166µs time.idle=5.66ms
2023-03-05T14:03:02.437810Z  INFO run_lifecycler:run_service_and_step_through_lifecycle:step_through_lifecycle:execute:executor_client::execute_commands{lifecycle_address="/mnt/azureml/cr/j/b00ee3f98bc844d596a8ecf1184ddf79/.grpc/lifecycler:0" scheduling=None debug_mode=Some(false)}: lifecycler::executor_client: Waiting for execution completion execution_id="08b42d15-2d9d-48d9-82f0-20dd48b8b5f2"
2023-03-05T14:03:13.025477Z  INFO ExecutionCallbackServicer::complete_execution: grpc_utils::server: Got grpc request request_name="complete_execution" remote_addr=None
2023-03-05T14:03:13.025566Z  INFO ExecutionCallbackServicer::complete_execution: lifecycler::service: close time.busy=95.8µs time.idle=18.2µs
2023-03-05T14:03:13.025591Z  INFO run_lifecycler:run_service_and_step_through_lifecycle:step_through_lifecycle:execute:executor_client::execute_commands{lifecycle_address="/mnt/azureml/cr/j/b00ee3f98bc844d596a8ecf1184ddf79/.grpc/lifecycler:0" scheduling=None debug_mode=Some(false)}:executor_client::wait_for_execution_completion{execution_id="08b42d15-2d9d-48d9-82f0-20dd48b8b5f2"}: lifecycler::executor_client: close time.busy=5.10µs time.idle=10.6s
2023-03-05T14:03:13.025761Z  INFO run_lifecycler:run_service_and_step_through_lifecycle:step_through_lifecycle:execute:executor_client::execute_commands{lifecycle_address="/mnt/azureml/cr/j/b00ee3f98bc844d596a8ecf1184ddf79/.grpc/lifecycler:0" scheduling=None debug_mode=Some(false)}: lifecycler::executor_client: Execution completed execution_id="08b42d15-2d9d-48d9-82f0-20dd48b8b5f2"
2023-03-05T14:03:13.025828Z  INFO run_lifecycler:run_service_and_step_through_lifecycle:step_through_lifecycle:execute:executor_client::execute_commands{lifecycle_address="/mnt/azureml/cr/j/b00ee3f98bc844d596a8ecf1184ddf79/.grpc/lifecycler:0" scheduling=None debug_mode=Some(false)}: lifecycler::executor_client: close time.busy=504µs time.idle=10.6s
2023-03-05T14:03:13.025854Z  INFO run_lifecycler:run_service_and_step_through_lifecycle:step_through_lifecycle:execute: lifecycler::lifecycle: phase execution completed. rank=None phase=0
2023-03-05T14:03:13.025895Z  INFO run_lifecycler:run_service_and_step_through_lifecycle:step_through_lifecycle:execute: lifecycler::lifecycle: close time.busy=814µs time.idle=10.6s
2023-03-05T14:03:13.025938Z  WARN run_lifecycler:run_service_and_step_through_lifecycle:step_through_lifecycle:end_capabilities:end{name="DATA_CAPABILITY"}: grpc_utils::span: failed to inject span context to grpc request
2023-03-05T14:03:13.025978Z  WARN run_lifecycler:run_service_and_step_through_lifecycle:step_through_lifecycle:end_capabilities:end{name="SNAPSHOT_CAPABILITY"}: grpc_utils::span: failed to inject span context to grpc request
2023-03-05T14:03:13.026016Z  WARN run_lifecycler:run_service_and_step_through_lifecycle:step_through_lifecycle:end_capabilities:end{name="CS_CAPABILITY"}: grpc_utils::span: failed to inject span context to grpc request
2023-03-05T14:03:13.026046Z  WARN run_lifecycler:run_service_and_step_through_lifecycle:step_through_lifecycle:end_capabilities:end{name="HOSTTOOLS_CAPABILITY"}: grpc_utils::span: failed to inject span context to grpc request
2023-03-05T14:03:13.026074Z  WARN run_lifecycler:run_service_and_step_through_lifecycle:step_through_lifecycle:end_capabilities:end{name="METRICS_CAPABILITY"}: grpc_utils::span: failed to inject span context to grpc request
2023-03-05T14:03:13.026875Z  INFO run_lifecycler:run_service_and_step_through_lifecycle:step_through_lifecycle:end_capabilities:end{name="SNAPSHOT_CAPABILITY"}: lifecycler::capability_client: Received success code for end cap_name=SNAPSHOT_CAPABILITY
2023-03-05T14:03:13.032627Z  INFO run_lifecycler:run_service_and_step_through_lifecycle:step_through_lifecycle:end_capabilities:end{name="SNAPSHOT_CAPABILITY"}: lifecycler::capability_client: close time.busy=5.83ms time.idle=822µs
2023-03-05T14:03:13.032693Z  INFO run_lifecycler:run_service_and_step_through_lifecycle:step_through_lifecycle:end_capabilities:end{name="METRICS_CAPABILITY"}: lifecycler::capability_client: Received success code for end cap_name=METRICS_CAPABILITY
2023-03-05T14:03:13.032769Z  INFO run_lifecycler:run_service_and_step_through_lifecycle:step_through_lifecycle:end_capabilities:end{name="METRICS_CAPABILITY"}: lifecycler::capability_client: close time.busy=121µs time.idle=6.58ms
2023-03-05T14:03:13.107765Z  INFO run_lifecycler:run_service_and_step_through_lifecycle:step_through_lifecycle:end_capabilities:end{name="CS_CAPABILITY"}: lifecycler::capability_client: Received success code for end cap_name=CS_CAPABILITY
2023-03-05T14:03:13.107826Z  INFO run_lifecycler:run_service_and_step_through_lifecycle:step_through_lifecycle:end_capabilities:end{name="CS_CAPABILITY"}: lifecycler::capability_client: close time.busy=142µs time.idle=81.7ms
